mode: set
main/controllers/roles_controller.go:13.44,14.54 1 0
main/controllers/roles_controller.go:14.54,16.17 2 0
main/controllers/roles_controller.go:16.17,18.4 1 0
main/controllers/roles_controller.go:19.3,22.19 3 0
main/controllers/roles_controller.go:22.19,24.131 2 0
main/controllers/roles_controller.go:24.131,26.5 1 0
main/controllers/roles_controller.go:27.4,27.31 1 0
main/controllers/roles_controller.go:29.3,29.36 1 0
main/controllers/roles_controller.go:29.36,31.4 1 0
main/controllers/roles_controller.go:33.3,33.35 1 0
main/controllers/roles_controller.go:37.43,38.54 1 0
main/controllers/roles_controller.go:38.54,45.17 5 0
main/controllers/roles_controller.go:45.17,47.4 1 0
main/controllers/roles_controller.go:49.3,49.34 1 0
main/controllers/roles_controller.go:53.46,54.54 1 0
main/controllers/roles_controller.go:54.54,56.63 2 0
main/controllers/roles_controller.go:56.63,59.4 2 0
main/controllers/roles_controller.go:61.3,63.17 2 0
main/controllers/roles_controller.go:63.17,66.4 2 0
main/controllers/roles_controller.go:68.3,68.34 1 0
main/controllers/roles_controller.go:72.46,73.54 1 0
main/controllers/roles_controller.go:73.54,78.63 4 0
main/controllers/roles_controller.go:78.63,81.4 2 0
main/controllers/roles_controller.go:83.3,84.17 2 0
main/controllers/roles_controller.go:84.17,87.4 2 0
main/controllers/roles_controller.go:89.3,89.34 1 0
main/controllers/roles_controller.go:93.46,94.54 1 0
main/controllers/roles_controller.go:94.54,99.17 4 0
main/controllers/roles_controller.go:99.17,102.4 2 0
main/controllers/roles_controller.go:104.3,104.38 1 0
main/controllers/user_roles_controller.go:17.48,18.54 1 1
main/controllers/user_roles_controller.go:18.54,32.18 7 1
main/controllers/user_roles_controller.go:32.18,35.4 2 1
main/controllers/user_roles_controller.go:35.9,37.4 1 1
main/controllers/user_roles_controller.go:38.3,38.17 1 1
main/controllers/user_roles_controller.go:38.17,41.4 2 1
main/controllers/user_roles_controller.go:42.3,45.19 3 1
main/controllers/user_roles_controller.go:45.19,48.78 2 1
main/controllers/user_roles_controller.go:48.78,51.5 2 0
main/controllers/user_roles_controller.go:52.4,52.43 1 1
main/controllers/user_roles_controller.go:55.3,55.36 1 1
main/controllers/user_roles_controller.go:55.36,58.4 2 0
main/controllers/user_roles_controller.go:60.3,62.39 3 1
main/controllers/user_roles_controller.go:67.47,68.54 1 1
main/controllers/user_roles_controller.go:68.54,82.17 5 1
main/controllers/user_roles_controller.go:82.17,85.4 2 1
main/controllers/user_roles_controller.go:87.3,87.38 1 1
main/controllers/user_roles_controller.go:93.50,94.57 1 1
main/controllers/user_roles_controller.go:94.57,98.73 2 1
main/controllers/user_roles_controller.go:98.73,101.10 2 1
main/controllers/user_roles_controller.go:104.9,106.23 3 1
main/controllers/user_roles_controller.go:106.23,109.10 2 0
main/controllers/user_roles_controller.go:110.9,110.20 1 1
main/controllers/user_roles_controller.go:110.20,113.10 2 1
main/controllers/user_roles_controller.go:116.9,119.23 2 1
main/controllers/user_roles_controller.go:119.23,122.10 2 1
main/controllers/user_roles_controller.go:125.9,126.44 2 1
main/controllers/user_roles_controller.go:162.50,163.54 1 1
main/controllers/user_roles_controller.go:163.54,168.67 4 1
main/controllers/user_roles_controller.go:168.67,171.4 2 1
main/controllers/user_roles_controller.go:174.3,176.17 3 1
main/controllers/user_roles_controller.go:176.17,179.4 2 0
main/controllers/user_roles_controller.go:180.3,180.14 1 1
main/controllers/user_roles_controller.go:180.14,183.4 2 1
main/controllers/user_roles_controller.go:186.3,188.17 2 1
main/controllers/user_roles_controller.go:188.17,191.4 2 1
main/controllers/user_roles_controller.go:193.3,193.38 1 1
main/controllers/user_roles_controller.go:196.50,197.57 1 1
main/controllers/user_roles_controller.go:197.57,200.20 3 1
main/controllers/user_roles_controller.go:200.20,203.10 2 0
main/controllers/user_roles_controller.go:206.9,207.23 2 1
main/controllers/user_roles_controller.go:207.23,211.10 3 0
main/controllers/user_roles_controller.go:214.9,215.23 2 1
main/controllers/user_roles_controller.go:215.23,219.10 3 1
main/controllers/user_roles_controller.go:221.9,222.23 2 1
main/controllers/user_roles_controller.go:222.23,226.10 3 0
main/controllers/user_roles_controller.go:228.9,228.30 1 1
main/controllers/user_roles_controller.go:228.30,231.10 2 1
main/controllers/user_roles_controller.go:233.9,233.44 1 1
